<?xml version="1.0" encoding="UTF-8"?>
<testng-results skipped="0" failed="0" ignored="0" total="1" passed="1">
  <reporter-output>
  </reporter-output>
  <suite name="Default suite" duration-ms="1434" started-at="2021-05-03T00:36:01Z" finished-at="2021-05-03T00:36:03Z">
    <groups>
    </groups>
    <test name="Default test" duration-ms="1434" started-at="2021-05-03T00:36:01Z" finished-at="2021-05-03T00:36:03Z">
      <class name="apiGetRequest.TC01_GetRequest">
        <test-method status="PASS" signature="getWeatherDetails()[pri:0, instance:apiGetRequest.TC01_GetRequest@18ce0030]" name="getWeatherDetails" duration-ms="1414" started-at="2021-05-03T00:36:01Z" finished-at="2021-05-03T00:36:03Z">
          <reporter-output>
          </reporter-output>
        </test-method> <!-- getWeatherDetails -->
      </class> <!-- apiGetRequest.TC01_GetRequest -->
    </test> <!-- Default test -->
  </suite> <!-- Default suite -->
</testng-results>
